2025-04-23 02:02:51,935 [INFO] Pipeline started
2025-04-23 02:09:19,867 [INFO] Pipeline started
2025-04-23 02:12:06,537 [INFO] Pipeline started
2025-04-23 02:52:40,997 [INFO] Pipeline started
2025-04-23 02:52:41,067 [INFO] Data loaded & schema-validated. Shape: (119, 26)
2025-04-23 02:52:41,067 [INFO] Number of CPU cores: 16
2025-04-23 02:52:41,069 [INFO] Output folder set to: results/
2025-04-23 02:52:41,078 [INFO] Data preprocessed. Shape of X: (119, 25)
2025-04-23 02:52:41,102 [INFO] After outlier detection, number of features: 2
2025-04-23 02:52:41,103 [INFO] Candidate k values for feature selection: [2]
2025-04-23 02:52:41,103 [INFO] Added outlier_removal step to pipeline
2025-04-23 02:52:41,103 [INFO] Pipeline steps: ['norm_batch_corr', 'scaler', 'outlier_removal', 'selection', 'est']
2025-04-23 02:52:41,107 [INFO] Processing seed 1/5 (seed=42)
2025-04-23 02:53:07,481 [INFO] Seed 42 CV MCC: nan
2025-04-23 02:55:09,977 [INFO] Pipeline started
2025-04-23 02:55:10,053 [INFO] Data loaded & schema-validated. Shape: (119, 26)
2025-04-23 02:55:10,054 [INFO] Number of CPU cores: 16
2025-04-23 02:55:10,055 [INFO] Output folder set to: results/
2025-04-23 02:55:10,060 [INFO] Data preprocessed. Shape of X: (119, 25)
2025-04-23 02:55:10,061 [INFO] No outlier detection. Number of features: 25
2025-04-23 02:55:10,062 [INFO] Candidate k values for feature selection: [10, 15, 20, 25]
2025-04-23 02:55:10,062 [INFO] Pipeline steps: ['norm_batch_corr', 'scaler', 'selection', 'est']
2025-04-23 02:55:10,066 [INFO] Processing seed 1/5 (seed=42)
2025-04-23 02:56:37,358 [INFO] Pipeline started
2025-04-23 02:56:37,429 [INFO] Data loaded & schema-validated. Shape: (119, 26)
2025-04-23 02:56:37,430 [INFO] Number of CPU cores: 16
2025-04-23 02:56:37,431 [INFO] Output folder set to: results/
2025-04-23 02:56:37,436 [INFO] Data preprocessed. Shape of X: (119, 25)
2025-04-23 02:56:37,437 [INFO] No outlier detection. Number of features: 25
2025-04-23 02:56:37,437 [INFO] Candidate k values for feature selection: [10, 15, 20, 25]
2025-04-23 02:56:37,438 [INFO] Pipeline steps: ['norm_batch_corr', 'scaler', 'selection', 'est']
2025-04-23 02:56:37,441 [INFO] Processing seed 1/5 (seed=42)
2025-04-23 02:57:13,797 [INFO] Seed 42 CV MCC: 0.5041
2025-04-23 02:57:20,777 [INFO] Seed 42 features removed by outlier: []
2025-04-23 02:57:20,777 [INFO] Seed 42 selected features: ['c16orf54', 'mapk10', 'gpbar1', 'dok2', 'dennd2d', 'c11orf21', 'nrcam', 'c1orf21', 'btbd3', 'irf8', 'lilrb2', 'clip3', 'mdga2', 'ndp', 'arhgap4', 'moxd1', 'mturn', 'igsf1', 'lyz', 'cd27', 'asah2', 'cd200', 'hscb', 'hsh2d', 'atp2a3']
2025-04-23 03:01:43,461 [INFO] Pipeline started
2025-04-23 03:01:43,530 [INFO] Data loaded & schema-validated. Shape: (119, 26)
2025-04-23 03:01:43,531 [INFO] Number of CPU cores: 16
2025-04-23 03:01:43,532 [INFO] Output folder set to: results/
2025-04-23 03:01:43,537 [INFO] Data preprocessed. Shape of X: (119, 25)
2025-04-23 03:01:43,538 [INFO] No outlier detection. Number of features: 25
2025-04-23 03:01:43,538 [INFO] Candidate k values for feature selection: [10, 15, 20, 25]
2025-04-23 03:01:43,539 [INFO] Pipeline steps: ['norm_batch_corr', 'scaler', 'selection', 'est']
2025-04-23 03:01:43,542 [INFO] Processing seed 1/5 (seed=42)
2025-04-23 03:02:21,459 [INFO] Seed 42 CV MCC: 0.5041
2025-04-23 03:02:29,113 [INFO] Seed 42 features removed by outlier: []
2025-04-23 03:02:29,114 [INFO] Seed 42 selected features: ['c16orf54', 'mapk10', 'gpbar1', 'dok2', 'dennd2d', 'c11orf21', 'nrcam', 'c1orf21', 'btbd3', 'irf8', 'lilrb2', 'clip3', 'mdga2', 'ndp', 'arhgap4', 'moxd1', 'mturn', 'igsf1', 'lyz', 'cd27', 'asah2', 'cd200', 'hscb', 'hsh2d', 'atp2a3']
2025-04-23 03:13:42,672 [INFO] Pipeline started
2025-04-23 03:13:42,740 [INFO] Data loaded & schema-validated. Shape: (119, 26)
2025-04-23 03:13:42,741 [INFO] Number of CPU cores: 16
2025-04-23 03:13:42,742 [INFO] Output folder set to: results/
2025-04-23 03:13:42,747 [INFO] Data preprocessed. Shape of X: (119, 25)
2025-04-23 03:13:42,748 [INFO] No outlier detection. Number of features: 25
2025-04-23 03:13:42,748 [INFO] Candidate k values for feature selection: [10, 15, 20, 25]
2025-04-23 03:13:42,749 [INFO] Pipeline steps: ['norm', 'scaler', 'imputer', 'selection', 'est']
2025-04-23 03:13:42,752 [INFO] Processing seed 1/5 (seed=42)
2025-04-23 03:14:25,799 [INFO] Seed 42 CV MCC: 0.4816
2025-04-23 03:14:30,737 [INFO] Seed 42 features removed by outlier: []
2025-04-23 03:14:30,737 [INFO] Seed 42 selected features: ['c16orf54', 'mapk10', 'gpbar1', 'dok2', 'dennd2d', 'c11orf21', 'nrcam', 'c1orf21', 'btbd3', 'irf8', 'lilrb2', 'clip3', 'mdga2', 'ndp', 'arhgap4', 'moxd1', 'mturn', 'igsf1', 'lyz', 'cd27', 'asah2', 'cd200', 'hscb', 'hsh2d', 'atp2a3']
2025-04-23 03:16:21,137 [INFO] Processing seed 2/5 (seed=43)
2025-04-23 03:16:59,271 [INFO] Seed 43 CV MCC: 0.4526
2025-04-23 03:17:01,742 [INFO] Seed 43 features removed by outlier: []
2025-04-23 03:17:01,743 [INFO] Seed 43 selected features: ['c16orf54', 'mapk10', 'gpbar1', 'dok2', 'dennd2d', 'c11orf21', 'nrcam', 'c1orf21', 'btbd3', 'irf8', 'lilrb2', 'clip3', 'mdga2', 'ndp', 'arhgap4', 'moxd1', 'mturn', 'igsf1', 'lyz', 'cd27', 'asah2', 'cd200', 'hscb', 'hsh2d', 'atp2a3']
2025-04-23 03:19:11,056 [INFO] Processing seed 3/5 (seed=44)
2025-04-23 03:19:54,481 [INFO] Seed 44 CV MCC: 0.5215
2025-04-23 03:19:57,057 [INFO] Seed 44 features removed by outlier: []
2025-04-23 03:19:57,058 [INFO] Seed 44 selected features: ['c16orf54', 'mapk10', 'gpbar1', 'dok2', 'dennd2d', 'c11orf21', 'nrcam', 'c1orf21', 'btbd3', 'irf8', 'lilrb2', 'clip3', 'mdga2', 'ndp', 'arhgap4', 'moxd1', 'mturn', 'igsf1', 'lyz', 'cd27', 'asah2', 'cd200', 'hscb', 'hsh2d', 'atp2a3']
2025-04-23 03:21:53,657 [INFO] Processing seed 4/5 (seed=45)
2025-04-23 03:22:31,688 [INFO] Seed 45 CV MCC: 0.5095
2025-04-23 03:22:34,212 [INFO] Seed 45 features removed by outlier: []
2025-04-23 03:22:34,213 [INFO] Seed 45 selected features: ['c16orf54', 'mapk10', 'gpbar1', 'dok2', 'dennd2d', 'c11orf21', 'nrcam', 'c1orf21', 'btbd3', 'irf8', 'lilrb2', 'clip3', 'mdga2', 'ndp', 'arhgap4', 'moxd1', 'mturn', 'igsf1', 'lyz', 'cd27', 'asah2', 'cd200', 'hscb', 'hsh2d', 'atp2a3']
2025-04-23 03:24:24,560 [INFO] Processing seed 5/5 (seed=46)
2025-04-23 03:25:02,622 [INFO] Seed 46 CV MCC: 0.5247
2025-04-23 03:25:05,335 [INFO] Seed 46 features removed by outlier: []
2025-04-23 03:25:05,335 [INFO] Seed 46 selected features: ['c16orf54', 'mapk10', 'gpbar1', 'dok2', 'dennd2d', 'c11orf21', 'nrcam', 'c1orf21', 'btbd3', 'irf8', 'lilrb2', 'clip3', 'mdga2', 'ndp', 'arhgap4', 'moxd1', 'mturn', 'igsf1', 'lyz', 'cd27', 'asah2', 'cd200', 'hscb', 'hsh2d', 'atp2a3']
2025-04-23 03:26:57,521 [INFO] Combined results saved to results//all_seeds_results.csv
